<?xml version="1.0" encoding="UTF-8"?>
<testng-results ignored="0" total="2" passed="2" failed="0" skipped="0">
  <reporter-output>
  </reporter-output>
  <suite started-at="2025-04-18T17:52:34 EDT" name="Suite" finished-at="2025-04-18T17:53:22 EDT" duration-ms="47335">
    <groups>
    </groups>
    <test started-at="2025-04-18T17:52:34 EDT" name="end to end test" finished-at="2025-04-18T17:53:22 EDT" duration-ms="47335">
      <class name="com.automation.selenium_automation.tests.e2eTestTestNG">
        <test-method is-config="true" signature="launchApp()[pri:0, instance:com.automation.selenium_automation.tests.e2eTestTestNG@18f8cd79]" started-at="2025-04-18T17:52:34 EDT" name="launchApp" finished-at="2025-04-18T17:52:52 EDT" duration-ms="17958" status="PASS">
          <reporter-output>
          </reporter-output>
        </test-method> <!-- launchApp -->
        <test-method signature="e2eTest(java.util.HashMap)[pri:0, instance:com.automation.selenium_automation.tests.e2eTestTestNG@18f8cd79]" started-at="2025-04-18T17:52:52 EDT" name="e2eTest" data-provider="getData" finished-at="2025-04-18T17:53:02 EDT" duration-ms="10039" status="PASS">
          <params>
            <param index="0">
              <value>
                <![CDATA[{password=Qwe123!@, email=qwe123@daum.com, products=[ZARA COAT 3, IPHONE 13 PRO]}]]>
              </value>
            </param>
          </params>
          <reporter-output>
          </reporter-output>
        </test-method> <!-- e2eTest -->
        <test-method is-config="true" signature="quitWebsite()[pri:0, instance:com.automation.selenium_automation.tests.e2eTestTestNG@18f8cd79]" started-at="2025-04-18T17:53:02 EDT" name="quitWebsite" finished-at="2025-04-18T17:53:02 EDT" duration-ms="1" status="PASS">
          <reporter-output>
          </reporter-output>
        </test-method> <!-- quitWebsite -->
        <test-method is-config="true" signature="launchApp()[pri:0, instance:com.automation.selenium_automation.tests.e2eTestTestNG@18f8cd79]" started-at="2025-04-18T17:53:02 EDT" name="launchApp" finished-at="2025-04-18T17:53:12 EDT" duration-ms="9196" status="PASS">
          <reporter-output>
          </reporter-output>
        </test-method> <!-- launchApp -->
        <test-method signature="e2eTest(java.util.HashMap)[pri:0, instance:com.automation.selenium_automation.tests.e2eTestTestNG@18f8cd79]" started-at="2025-04-18T17:53:12 EDT" name="e2eTest" data-provider="getData" finished-at="2025-04-18T17:53:22 EDT" duration-ms="9936" status="PASS">
          <params>
            <param index="0">
              <value>
                <![CDATA[{password=Qwe123!@, email=qwe1233@daum.com, products=[ADIDAS ORIGINAL, ZARA COAT 3]}]]>
              </value>
            </param>
          </params>
          <reporter-output>
          </reporter-output>
        </test-method> <!-- e2eTest -->
        <test-method is-config="true" signature="quitWebsite()[pri:0, instance:com.automation.selenium_automation.tests.e2eTestTestNG@18f8cd79]" started-at="2025-04-18T17:53:22 EDT" name="quitWebsite" finished-at="2025-04-18T17:53:22 EDT" duration-ms="0" status="PASS">
          <reporter-output>
          </reporter-output>
        </test-method> <!-- quitWebsite -->
      </class> <!-- com.automation.selenium_automation.tests.e2eTestTestNG -->
    </test> <!-- end to end test -->
  </suite> <!-- Suite -->
</testng-results>
