<?xml version="1.0" encoding="UTF-8"?>
<!-- Generated by org.testng.reporters.JUnitXMLReporter -->
<testsuite ignored="0" hostname="DESKTOP-6CROEQF" failures="0" tests="2" name="Default test" time="27.469" errors="0" timestamp="2025-04-17T19:13:48 EDT">
  <testcase classname="com.automation.selenium_automation.tests.e2eTestTestNG" name="e2eTest" time="9.601"/>
  <testcase classname="com.automation.selenium_automation.tests.e2eTestTestNG" name="e2eTest" time="9.515"/>
</testsuite> <!-- Default test -->
