<?xml version="1.0" encoding="UTF-8"?>
<!-- Generated by org.testng.reporters.JUnitXMLReporter -->
<testsuite ignored="0" hostname="DESKTOP-6CROEQF" failures="0" tests="2" name="Default test" time="28.288" errors="0" timestamp="2025-04-18T17:36:59 EDT">
  <testcase classname="com.automation.selenium_automation.tests.e2eTestTestNG" name="e2eTest" time="9.533"/>
  <testcase classname="com.automation.selenium_automation.tests.e2eTestTestNG" name="e2eTest" time="9.516"/>
</testsuite> <!-- Default test -->
