<?xml version="1.0" encoding="UTF-8"?>
<!-- Generated by org.testng.reporters.JUnitXMLReporter -->
<testsuite ignored="0" hostname="DESKTOP-6CROEQF" failures="0" tests="2" name="end to end test" time="27.828" errors="0" timestamp="2025-04-21T17:52:42 EDT">
  <testcase classname="com.automation.selenium_automation.tests.E2eTestTestNG" name="e2eTest" time="9.942"/>
  <testcase classname="com.automation.selenium_automation.tests.E2eTestTestNG" name="e2eTest" time="9.904"/>
</testsuite> <!-- end to end test -->
