<?xml version="1.0" encoding="UTF-8"?>
<!-- Generated by org.testng.reporters.JUnitXMLReporter -->
<testsuite ignored="0" hostname="DESKTOP-6CROEQF" failures="0" tests="2" name="end to end test with excel data" time="34.86" errors="0" timestamp="2025-04-30T23:44:05 EDT">
  <testcase classname="com.automation.selenium_automation.tests.E2eTestExcel" name="e2eTest" time="11.608"/>
  <testcase classname="com.automation.selenium_automation.tests.E2eTestExcel" name="e2eTest" time="11.471"/>
</testsuite> <!-- end to end test with excel data -->
