<?xml version="1.0" encoding="UTF-8"?>
<!-- Generated by org.testng.reporters.JUnitXMLReporter -->
<testsuite ignored="0" hostname="DESKTOP-6CROEQF" failures="0" tests="2" name="end to end test" time="27.318" errors="0" timestamp="2025-04-18T18:32:14 EDT">
  <testcase classname="com.automation.selenium_automation.tests.e2eTestTestNG" name="e2eTest" time="9.558"/>
  <testcase classname="com.automation.selenium_automation.tests.e2eTestTestNG" name="e2eTest" time="9.426"/>
</testsuite> <!-- end to end test -->
