<?xml version="1.0" encoding="UTF-8"?>
<!-- Generated by org.testng.reporters.JUnitXMLReporter -->
<testsuite ignored="1" hostname="DESKTOP-6CROEQF" failures="0" tests="1" name="Error Validation Test" time="5.035" errors="0" timestamp="2025-04-18T18:46:03 EDT">
  <testcase classname="com.automation.selenium_automation.errorTests.LoginErrorTest" name="invalidAccountTest" time="0.723"/>
  <testcase classname="com.automation.selenium_automation.errorTests.LoginErrorTest" name="NotCorrectToastMessage" time="0.0">
    <ignored/>
  </testcase> <!-- NotCorrectToastMessage -->
</testsuite> <!-- Error Validation Test -->
