<?xml version="1.0" encoding="UTF-8"?>
<!-- Generated by org.testng.reporters.JUnitXMLReporter -->
<testsuite ignored="0" hostname="DESKTOP-6CROEQF" failures="0" tests="2" name="Error Validation" time="12.043" errors="0" timestamp="2025-04-18T23:32:30 EDT">
  <testcase classname="com.automation.selenium_automation.tests.ErrorValidations" name="loginErrorValidation" time="0.747"/>
  <testcase classname="com.automation.selenium_automation.tests.ErrorValidations" name="orderErrorValidation" time="3.133"/>
</testsuite> <!-- Error Validation -->
